<?xml version="1.0" encoding="UTF-8"?>
<!-- Generated by org.testng.reporters.JUnitReportReporter -->
<testsuite hostname="DESKTOP-UGN3K1F" failures="0" tests="1" name="Framework.Testntass8.classnew2" time="0.000" errors="0" timestamp="2024-01-16T01:46:54 QYZT" skipped="0">
  <testcase classname="Framework.Testntass8.classnew2" name="test1" time="0.000"/>
  <system-out/>
</testsuite> <!-- Framework.Testntass8.classnew2 -->
