<?xml version="1.0" encoding="UTF-8"?>
<!-- Generated by org.testng.reporters.JUnitReportReporter -->
<testsuite hostname="DESKTOP-UGN3K1F" failures="0" tests="4" name="Framework.Testntass8.classpriority1" time="0.014" errors="0" timestamp="2024-01-16T23:09:55 QYZT" skipped="0">
  <testcase classname="Framework.Testntass8.classpriority1" name="test4" time="0.010"/>
  <system-out/>
  <testcase classname="Framework.Testntass8.classpriority1" name="test1" time="0.001"/>
  <system-out/>
  <testcase classname="Framework.Testntass8.classpriority1" name="test2" time="0.002"/>
  <system-out/>
  <testcase classname="Framework.Testntass8.classpriority1" name="test3" time="0.001"/>
  <system-out/>
</testsuite> <!-- Framework.Testntass8.classpriority1 -->
