<?xml version="1.0" encoding="UTF-8"?>
<!-- Generated by org.testng.reporters.JUnitReportReporter -->
<testsuite hostname="DESKTOP-UGN3K1F" failures="0" tests="2" name="Framework.Testntass8.classnew3" time="0.003" errors="0" timestamp="2024-01-16T01:46:18 QYZT" skipped="0">
  <testcase classname="Framework.Testntass8.classnew3" name="test2" time="0.001"/>
  <system-out/>
  <testcase classname="Framework.Testntass8.classnew3" name="test1" time="0.002"/>
  <system-out/>
</testsuite> <!-- Framework.Testntass8.classnew3 -->
