<?xml version="1.0" encoding="UTF-8"?>
<!-- Generated by org.testng.reporters.JUnitReportReporter -->
<testsuite hostname="DESKTOP-UGN3K1F" failures="0" tests="2" name="Framework.Testntass8.classnew1" time="0.010" errors="0" timestamp="2024-01-16T01:46:54 QYZT" skipped="0">
  <testcase classname="Framework.Testntass8.classnew1" name="test2" time="0.009"/>
  <system-out/>
  <testcase classname="Framework.Testntass8.classnew1" name="test4" time="0.001"/>
  <system-out/>
</testsuite> <!-- Framework.Testntass8.classnew1 -->
